#
# There is insufficient memory for the Java Runtime Environment to continue.
# Native memory allocation (mmap) failed to map 134217728 bytes for Failed to commit area from 0x0000000081e00000 to 0x0000000089e00000 of length 134217728.
# Possible reasons:
#   The system is out of physical RAM or swap space
#   The process is running with CompressedOops enabled, and the Java Heap may be blocking the growth of the native heap
# Possible solutions:
#   Reduce memory load on the system
#   Increase physical memory or swap space
#   Check if swap backing store is full
#   Decrease Java heap size (-Xmx/-Xms)
#   Decrease number of Java threads
#   Decrease Java thread stack sizes (-Xss)
#   Set larger code cache with -XX:ReservedCodeCacheSize=
# This output file may be truncated or incomplete.
#
#  Out of Memory Error (./src/hotspot/os/windows/os_windows.cpp:3301), pid=12576, tid=12836
#
# JRE version:  (11.0.10+9) (build )
# Java VM: Dynamic Code Evolution 64-Bit Server VM (11.0.10+9-b1341.35, mixed mode, sharing, tiered, compressed oops, g1 gc, windows-amd64)
# No core dump will be written. Minidumps are not enabled by default on client versions of Windows
#

---------------  S U M M A R Y ------------

Command Line: org.jetbrains.git4idea.http.GitAskPassApp Username for 'https://gitlab.nodo.vn': 

Host: Intel(R) Core(TM) i5-6300HQ CPU @ 2.30GHz, 4 cores, 7G,  Windows 10 , 64 bit Build 17763 (10.0.17763.475)
Time: Sun Jul 25 22:52:29 2021 SE Asia Standard Time elapsed time: 0.014453 seconds (0d 0h 0m 0s)

---------------  T H R E A D  ---------------

Current thread (0x000001e47444e000):  JavaThread "Unknown thread" [_thread_in_vm, id=12836, stack(0x00000060a6c00000,0x00000060a6d00000)]

Stack: [0x00000060a6c00000,0x00000060a6d00000]
Native frames: (J=compiled Java code, j=interpreted, Vv=VM code, C=native code)
V  [jvm.dll+0x5f84fa]
V  [jvm.dll+0x77e085]
V  [jvm.dll+0x77f5dd]
V  [jvm.dll+0x77fc93]
V  [jvm.dll+0x2457e8]
V  [jvm.dll+0x5f58f4]
V  [jvm.dll+0x5ea975]
V  [jvm.dll+0x30228b]
V  [jvm.dll+0x3021fa]
V  [jvm.dll+0x3020d2]
V  [jvm.dll+0x306fb6]
V  [jvm.dll+0x34f843]
V  [jvm.dll+0x34ff46]
V  [jvm.dll+0x34f943]
V  [jvm.dll+0x2dbcb8]
V  [jvm.dll+0x2dce57]
V  [jvm.dll+0x75c4d7]
V  [jvm.dll+0x75dd6c]
V  [jvm.dll+0x35cdb9]
V  [jvm.dll+0x73fc9e]
V  [jvm.dll+0x3c5663]
V  [jvm.dll+0x3c7a21]
C  [jli.dll+0x5373]
C  [ucrtbase.dll+0x2268a]
C  [KERNEL32.DLL+0x17974]
C  [ntdll.dll+0x5a2d1]


---------------  P R O C E S S  ---------------

Threads class SMR info:
_java_thread_list=0x000001e474375ed0, length=0, elements={
}

Java Threads: ( => current thread )

Other Threads:
  0x000001e476469000 GCTaskThread "GC Thread#0" [stack: 0x00000060a6d00000,0x00000060a6e00000] [id=11596]
  0x000001e476499800 ConcurrentGCThread "G1 Main Marker" [stack: 0x00000060a6e00000,0x00000060a6f00000] [id=1736]
  0x000001e47649b800 ConcurrentGCThread "G1 Conc#0" [stack: 0x00000060a6f00000,0x00000060a7000000] [id=6964]

[error occurred during error reporting (printing all threads), id 0xc0000005, EXCEPTION_ACCESS_VIOLATION (0xc0000005) at pc=0x00007fff2792c437]

VM state:not at safepoint (not fully initialized)

VM Mutex/Monitor currently owned by a thread:  ([mutex/lock_event])
[0x000001e47444b040] Heap_lock - owner thread: 0x000001e47444e000

Heap address: 0x0000000081e00000, size: 2018 MB, Compressed Oops mode: Non-zero based: 0x0000000081e00000
Narrow klass base: 0x0000000000000000, Narrow klass shift: 0

GC Heap History (0 events):
No events

Deoptimization events (0 events):
No events

Classes redefined (0 events):
No events

Internal exceptions (0 events):
No events

Events (1 events):
Event: 0.006 Loaded shared library C:\Program Files\JetBrains\WebStorm 2021.1\jbr\bin\zip.dll


Dynamic libraries:
0x00007ff706e50000 - 0x00007ff706e5a000 	C:\Program Files\JetBrains\WebStorm 2021.1\jbr\bin\java.exe
0x00007fff61030000 - 0x00007fff6121c000 	C:\Windows\SYSTEM32\ntdll.dll
0x00007fff60df0000 - 0x00007fff60ea3000 	C:\Windows\System32\KERNEL32.DLL
0x00007fff5df90000 - 0x00007fff5e224000 	C:\Windows\System32\KERNELBASE.dll
0x00007fff5d0f0000 - 0x00007fff5d1ea000 	C:\Windows\System32\ucrtbase.dll
0x00007fff37cf0000 - 0x00007fff37d09000 	C:\Program Files\JetBrains\WebStorm 2021.1\jbr\bin\jli.dll
0x00007fff60c50000 - 0x00007fff60de7000 	C:\Windows\System32\USER32.dll
0x00007fff5df70000 - 0x00007fff5df90000 	C:\Windows\System32\win32u.dll
0x00007fff60180000 - 0x00007fff601a9000 	C:\Windows\System32\GDI32.dll
0x00007fff5d290000 - 0x00007fff5d42c000 	C:\Windows\System32\gdi32full.dll
0x00007fff5d1f0000 - 0x00007fff5d290000 	C:\Windows\System32\msvcp_win.dll
0x00007fff32e40000 - 0x00007fff32e57000 	C:\Program Files\JetBrains\WebStorm 2021.1\jbr\bin\VCRUNTIME140.dll
0x00007fff4cb80000 - 0x00007fff4cdf9000 	C:\Windows\WinSxS\amd64_microsoft.windows.common-controls_6595b64144ccf1df_6.0.17763.1817_none_de6e422c534e0cb9\COMCTL32.dll
0x00007fff60f60000 - 0x00007fff60ffe000 	C:\Windows\System32\msvcrt.dll
0x00007fff60920000 - 0x00007fff60c4e000 	C:\Windows\System32\combase.dll
0x00007fff604e0000 - 0x00007fff60600000 	C:\Windows\System32\RPCRT4.dll
0x00007fff5de90000 - 0x00007fff5df0f000 	C:\Windows\System32\bcryptPrimitives.dll
0x00007fff5e590000 - 0x00007fff5e5be000 	C:\Windows\System32\IMM32.DLL
0x00007fff327a0000 - 0x00007fff3283d000 	C:\Program Files\JetBrains\WebStorm 2021.1\jbr\bin\msvcp140.dll
0x00007fff27640000 - 0x00007fff2818f000 	C:\Program Files\JetBrains\WebStorm 2021.1\jbr\bin\server\jvm.dll
0x00007fff5e4e0000 - 0x00007fff5e583000 	C:\Windows\System32\ADVAPI32.dll
0x00007fff60880000 - 0x00007fff6091f000 	C:\Windows\System32\sechost.dll
0x00007fff60210000 - 0x00007fff60218000 	C:\Windows\System32\PSAPI.DLL
0x00007fff5b9c0000 - 0x00007fff5b9c9000 	C:\Windows\SYSTEM32\WSOCK32.dll
0x00007fff54250000 - 0x00007fff54274000 	C:\Windows\SYSTEM32\WINMM.dll
0x00007fff60410000 - 0x00007fff6047d000 	C:\Windows\System32\WS2_32.dll
0x00007fff5c1a0000 - 0x00007fff5c1aa000 	C:\Windows\SYSTEM32\VERSION.dll
0x00007fff54200000 - 0x00007fff5422d000 	C:\Windows\SYSTEM32\WINMMBASE.dll
0x00007fff5de40000 - 0x00007fff5de8a000 	C:\Windows\System32\cfgmgr32.dll
0x00007fff5d080000 - 0x00007fff5d091000 	C:\Windows\System32\kernel.appcore.dll
0x00007fff39140000 - 0x00007fff39151000 	C:\Program Files\JetBrains\WebStorm 2021.1\jbr\bin\verify.dll
0x00007fff5b7d0000 - 0x00007fff5b9bd000 	C:\Windows\SYSTEM32\DBGHELP.DLL
0x00007fff40890000 - 0x00007fff408ba000 	C:\Windows\SYSTEM32\dbgcore.DLL
0x00007fff39110000 - 0x00007fff39139000 	C:\Program Files\JetBrains\WebStorm 2021.1\jbr\bin\java.dll
0x00007fff4a800000 - 0x00007fff4a80b000 	C:\Program Files\JetBrains\WebStorm 2021.1\jbr\bin\jimage.dll
0x00007fff37040000 - 0x00007fff37058000 	C:\Program Files\JetBrains\WebStorm 2021.1\jbr\bin\zip.dll

dbghelp: loaded successfully - version: 4.0.5 - missing functions: none
symbol engine: initialized successfully - sym options: 0x614 - pdb path: .;C:\Program Files\JetBrains\WebStorm 2021.1\jbr\bin;C:\Windows\SYSTEM32;C:\Windows\WinSxS\amd64_microsoft.windows.common-controls_6595b64144ccf1df_6.0.17763.1817_none_de6e422c534e0cb9;C:\Program Files\JetBrains\WebStorm 2021.1\jbr\bin\server

VM Arguments:
java_command: org.jetbrains.git4idea.http.GitAskPassApp Username for 'https://gitlab.nodo.vn': 
java_class_path (initial): C:/Program Files/JetBrains/WebStorm 2021.1/plugins/git4idea/lib/git4idea-rt.jar;C:/Program Files/JetBrains/WebStorm 2021.1/lib/xmlrpc-2.0.1.jar;C:/Program Files/JetBrains/WebStorm 2021.1/lib/commons-codec-1.15.jar
Launcher Type: SUN_STANDARD

[Global flags]
     intx CICompilerCount                          = 3                                         {product} {ergonomic}
     uint ConcGCThreads                            = 1                                         {product} {ergonomic}
     uint G1ConcRefinementThreads                  = 4                                         {product} {ergonomic}
   size_t G1HeapRegionSize                         = 1048576                                   {product} {ergonomic}
    uintx GCDrainStackTargetSize                   = 64                                        {product} {ergonomic}
   size_t InitialHeapSize                          = 134217728                                 {product} {ergonomic}
   size_t MarkStackSize                            = 4194304                                   {product} {ergonomic}
   size_t MaxHeapSize                              = 2116026368                                {product} {ergonomic}
   size_t MinHeapDeltaBytes                        = 1048576                                   {product} {ergonomic}
    uintx NonNMethodCodeHeapSize                   = 5830732                                {pd product} {ergonomic}
    uintx NonProfiledCodeHeapSize                  = 122913754                              {pd product} {ergonomic}
    uintx ProfiledCodeHeapSize                     = 122913754                              {pd product} {ergonomic}
    uintx ReservedCodeCacheSize                    = 251658240                              {pd product} {ergonomic}
     bool SegmentedCodeCache                       = true                                      {product} {ergonomic}
     bool UseCompressedClassPointers               = true                                 {lp64_product} {ergonomic}
     bool UseCompressedOops                        = true                                 {lp64_product} {ergonomic}
     bool UseG1GC                                  = true                                      {product} {ergonomic}
     bool UseLargePagesIndividualAllocation        = false                                  {pd product} {ergonomic}

Logging:
Log output configuration:
 #0: stdout all=warning uptime,level,tags
 #1: stderr all=off uptime,level,tags

Environment Variables:
JAVA_HOME=C:\Program Files\Java\jdk1.8.0_281
CLASSPATH=C:\Program Files\Java\jdk1.8.0_281\lib
PATH=C:\Program Files\Git\mingw64\libexec\git-core;C:\Program Files\Git\mingw64\libexec\git-core;C:\Program Files\Git\mingw64\bin;C:\Program Files\Git\usr\bin;C:\Users\Administrator\bin;C:\Program Files (x86)\Common Files\Oracle\Java\javapat;C:\Program Files\Java\jdk1.8.0_281\jdk1.8.0_281\bin;.;C:\Windows\system32;C:\Windows;C:\Windows\System32\Wbem;C:\Windows\System32\WindowsPowerShell\v1.0;C:\Windows\System32\OpenSSH;C:\Program Files\nodejs;C:\Program Files\Git\cmd;C:\Program Files\TortoiseSVN\bin;C:\Program Files\Microsoft SQL Server\110\Tools\Binn;C:\Program Files (x86)\Microsoft SQL Server\110\Tools\Binn;C:\Program Files\Microsoft SQL Server\110\DTS\Binn;C:\Program Files (x86)\Microsoft SQL Server\110\Tools\Binn\ManagementStudio;C:\Program Files (x86)\Microsoft Visual Studio 10.0\Common7\IDE\PrivateAssemblies;C:\Program Files (x86)\Microsoft SQL Server\110\DTS\Binn;C:\Program Files\PuTTY;C:\Program Files (x86)\Bitvise SSH Client;C:\Program Files\MySQL\MySQL Shell 8.0\bin;C:\Program Files\Java\jdk1.8.0_281\bin;C:\Users\Administrator\AppData\Local\Programs\Microsoft VS Code\bin;C:\Users\Administrator\AppData\Roaming\npm;C:\Program Files (x86)\SSH Communications Security\SSH Secure Shell;C:\Users\Administrator\Documents\apache-maven-3.8.1\bin
USERNAME=Administrator
DISPLAY=:0.0
LC_ALL=en_US.UTF-8
OS=Windows_NT
PROCESSOR_IDENTIFIER=Intel64 Family 6 Model 94 Stepping 3, GenuineIntel



---------------  S Y S T E M  ---------------

OS: Windows 10 , 64 bit Build 17763 (10.0.17763.475)
OS uptime: 1 days 23:18 hours

CPU:total 4 (initial active 4) (4 cores per cpu, 1 threads per core) family 6 model 94 stepping 3 microcode 0xd6, cmov, cx8, fxsr, mmx, sse, sse2, sse3, ssse3, sse4.1, sse4.2, popcnt, avx, avx2, aes, clmul, erms, rtm, 3dnowpref, lzcnt, tsc, tscinvbit, bmi1, bmi2, adx, fma

Memory: 4k page, system-wide physical 8065M (2496M free)
TotalPageFile size 16257M (AvailPageFile size 46M)
current process WorkingSet (physical memory assigned to process): 9M, peak: 9M
current process commit charge ("private bytes"): 51M, peak: 179M

vm_info: Dynamic Code Evolution 64-Bit Server VM (11.0.10+9-b1341.35) for windows-amd64 JRE (11.0.10+9-b1341.35), built on Mar 31 2021 02:11:12 by "" with MS VC++ 14.0 (VS2015)

END.
